<?xml version="1.0" encoding="UTF-8"?>
<!-- Generated by org.testng.reporters.JUnitReportReporter -->
<testsuite skipped="0" hostname="DESKTOP-CGQIUI2" name="org.testing.TestScripts.TC8" tests="1" failures="0" timestamp="2023-03-04T17:40:25 IST" time="47.703" errors="0">
  <testcase name="TestCase3" time="47.703" classname="org.testing.TestScripts.TC8"/>
  <system-out/>
</testsuite> <!-- org.testing.TestScripts.TC8 -->
